2025-05-08 19:57:51,757 INFO     [FlashTop]    init
2025-05-08 19:57:51,762 [Process-10404] INFO     [FlashTop]    do_main: cmd loadpara
2025-05-08 19:57:51,763 [Process-10404] INFO     [Para]    exe path: C:\HTNB32L-XXX-SDK\Firmware\HTNB32L-XXX-SDK\Debug
2025-05-08 19:57:51,765 [Process-10404] INFO     [Para]    update digest file :C:\HTNB32L-XXX-SDK\Firmware\HTNB32L-XXX-SDK\Debug\cfg.digest, digest:b'\x73\x8f\x87\xb5\x2d\x73\x71\xe9\xa4\xde\x1e\xc3\x73\x80\x2e\xad\x7c\xd8\x7b\x18\x6c\x1b\xef\xb3\xe0\x44\xeb\xef\x42\x30\xd4\xdb' 
2025-05-08 19:57:51,765 [Process-10404] INFO     [Para]    LoadPara from cfgfile(C:\HTNB32L-XXX-SDK\Firmware\HTNB32L-XXX-SDK\Debug\htnb32l.ini) 
2025-05-08 19:57:51,766 [Process-10404] WARNING  [Para]    Load para curdigest b'\x73\x8f\x87\xb5\x2d\x73\x71\xe9\xa4\xde\x1e\xc3\x73\x80\x2e\xad\x7c\xd8\x7b\x18\x6c\x1b\xef\xb3\xe0\x44\xeb\xef\x42\x30\xd4\xdb'
2025-05-08 19:57:51,767 [Process-10404] INFO     [FlashTop]    Load para sync success
2025-05-08 19:57:51,767 [Process-10404] INFO     [FlashToolCLI]    Burnbatch Start, burn imglist ['bootloader', 'system'].
2025-05-08 19:57:51,768 [Process-10404] INFO     [FlashTop]    do_main: cmd burnag, Thread0[12020]
2025-05-08 19:57:51,768 [Process-10404] INFO     [Thread0]    ProcessStart[12020]
2025-05-08 19:57:52,853 [Process-10404] INFO     [Thread0]    ResetBoard(Normal Mod) finish
2025-05-08 19:57:52,855 [Process-10404] INFO     [Thread0]    args.ser.port :COM3
2025-05-08 19:57:52,917 [Process-10404] INFO     [Image]    SetBaud 921600
2025-05-08 19:57:52,918 [Process-10404] INFO     [Thread0]    TryDownload C:\HTNB32L-XXX-SDK\Firmware\HTNB32L-XXX-SDK\Debug\agentboot.bin start
2025-05-08 19:57:52,918 [Process-10404] INFO     [Thread0]    image size=28568, hdsize=272
2025-05-08 19:57:52,918 [Process-10404] INFO     [Thread0]    Preamble Send
2025-05-08 19:57:52,932 [Process-10404] INFO     [Thread0]    Preamble Received Rsp
2025-05-08 19:57:52,981 [Process-10404] INFO     [Thread0]    Preamble Send
2025-05-08 19:57:53,052 [Process-10404] INFO     [Thread0]    Preamble Received Rsp
2025-05-08 19:57:55,714 [Process-10404] INFO     [Thread0]    TryDownload agentboot success
2025-05-08 19:57:55,716 [Process-10404] INFO     [Thread0]    agbaud: 921600
2025-05-08 19:57:55,778 [Process-10404] INFO     [Thread0]    Burn OK!
2025-05-08 19:57:55,779 [Process-10404] INFO     [Thread0]    ProcessEnd[12020]
2025-05-08 19:57:55,779 [Process-10404] INFO     [FlashTop]    do_main: cmd burnone, Thread0[12020]
2025-05-08 19:57:55,780 [Process-10404] INFO     [Thread0]    ProcessStart[12020]
2025-05-08 19:57:55,780 [Process-10404] INFO     [Thread0]    args.ser.port :COM3
2025-05-08 19:57:55,843 [Process-10404] INFO     [Thread0]    agentboot is downloaded already
2025-05-08 19:57:55,844 [Process-10404] INFO     [Thread0]    TryDownload agentboot skip
2025-05-08 19:57:55,845 [Process-10404] INFO     [Thread0]    agbaud: 921600
2025-05-08 19:57:55,907 [Process-10404] INFO     [Thread0]    LPC Preamble Send
2025-05-08 19:57:55,921 [Process-10404] INFO     [Thread0]    LPC Preamble Received Rsp
2025-05-08 19:57:55,927 [Process-10404] INFO     [Thread0]    LPCSetSyncStat(1)
2025-05-08 19:57:55,928 [Process-10404] INFO     [Thread0]    LPCSyncDetect: success
2025-05-08 19:57:55,928 [Process-10404] INFO     [Thread0]    DownloadBurnOne imgtype(bootloader)
2025-05-08 19:57:55,929 [Process-10404] INFO     [Thread0]    DownloadBurnOne imgtype(bootloader), burnaddr(0x0), imgid(0x4f424d49)
2025-05-08 19:57:55,929 [Process-10404] INFO     [Thread0]    DownloadBurnOne file C:\HTNB32L-XXX-SDK\Firmware\HTNB32L-XXX-SDK\Debug\bootloader.bin 
2025-05-08 19:57:55,931 [Process-10404] INFO     [Thread0]    TryDownload C:\HTNB32L-XXX-SDK\Firmware\HTNB32L-XXX-SDK\Debug\bootloader.bin start
2025-05-08 19:57:55,931 [Process-10404] INFO     [Thread0]    LPCBurnOneTrig start       			******
2025-05-08 19:57:55,938 [Process-10404] INFO     [Thread0]    LPCBurnOneTrig success
2025-05-08 19:57:55,938 [Process-10404] INFO     [Thread0]    DLDPreSync Preamble Send
2025-05-08 19:57:56,463 [Process-10404] INFO     [Thread0]    DLDPreSync Preamble Received Rsp
2025-05-08 19:57:56,469 [Process-10404] INFO     [Thread0]    image size=29248, hdsize=272
2025-05-08 19:57:56,470 [Process-10404] INFO     [Thread0]    
2025-05-08 19:57:56,470 [Process-10404] INFO     [Thread0]    imginfo.size=29248, RemainLen=29248, Offset=0
2025-05-08 19:57:56,471 [Process-10404] INFO     [Thread0]    {bootloader.bin-percent files transferred   0%}
2025-05-08 19:57:56,471 [Process-10404] INFO     [Thread0]    
2025-05-08 19:57:56,471 [Process-10404] INFO     [Thread0]    Preamble Send
2025-05-08 19:57:56,487 [Process-10404] INFO     [Thread0]    Preamble Received Rsp
2025-05-08 19:57:56,505 [Process-10404] INFO     [Thread0]    imginfo.size=29248, RemainLen=28976, Offset=272
2025-05-08 19:57:56,506 [Process-10404] INFO     [Thread0]    {bootloader.bin-percent files transferred   0%}
2025-05-08 19:57:56,506 [Process-10404] INFO     [Thread0]    
2025-05-08 19:57:56,506 [Process-10404] INFO     [Thread0]    Preamble Send
2025-05-08 19:57:57,001 [Process-10404] INFO     [Thread0]    Preamble Received Rsp
2025-05-08 19:57:57,489 [Process-10404] INFO     [Thread0]    imginfo.size=29248, RemainLen=0, Offset=272
2025-05-08 19:57:57,490 [Process-10404] INFO     [Thread0]    {bootloader.bin-percent files transferred   100%}
2025-05-08 19:57:57,490 [Process-10404] INFO     [Thread0]    
2025-05-08 19:57:57,492 [Process-10404] INFO     [Thread0]    TryDownload success
2025-05-08 19:57:57,493 [Process-10404] INFO     [Thread0]    Burn OK!
2025-05-08 19:57:57,494 [Process-10404] INFO     [Thread0]    ProcessEnd[12020]
2025-05-08 19:57:57,494 [Process-10404] INFO     [FlashTop]    do_main: cmd burnone, Thread0[12020]
2025-05-08 19:57:57,494 [Process-10404] INFO     [Thread0]    ProcessStart[12020]
2025-05-08 19:57:57,496 [Process-10404] INFO     [Thread0]    args.ser.port :COM3
2025-05-08 19:57:57,556 [Process-10404] INFO     [Thread0]    agentboot is downloaded already
2025-05-08 19:57:57,556 [Process-10404] INFO     [Thread0]    TryDownload agentboot skip
2025-05-08 19:57:57,558 [Process-10404] INFO     [Thread0]    agbaud: 921600
2025-05-08 19:57:57,619 [Process-10404] INFO     [Thread0]    LPC Preamble Send
2025-05-08 19:57:57,637 [Process-10404] INFO     [Thread0]    LPC Preamble Received Rsp
2025-05-08 19:57:57,643 [Process-10404] INFO     [Thread0]    LPCSyncDetect: success
2025-05-08 19:57:57,644 [Process-10404] INFO     [Thread0]    DownloadBurnOne imgtype(system)
2025-05-08 19:57:57,644 [Process-10404] INFO     [Thread0]    DownloadBurnOne imgtype(system), burnaddr(0x0), imgid(0x444b4249)
2025-05-08 19:57:57,644 [Process-10404] INFO     [Thread0]    DownloadBurnOne file C:\HTNB32L-XXX-SDK\Firmware\HTNB32L-XXX-SDK\Debug\../Build/Driver_Example/HTNB32L-XXX-Driver_Example.bin 
2025-05-08 19:57:57,646 [Process-10404] INFO     [Thread0]    TryDownload C:\HTNB32L-XXX-SDK\Firmware\HTNB32L-XXX-SDK\Debug\../Build/Driver_Example/HTNB32L-XXX-Driver_Example.bin start
2025-05-08 19:57:57,646 [Process-10404] INFO     [Thread0]    LPCBurnOneTrig start       			******
2025-05-08 19:57:57,653 [Process-10404] INFO     [Thread0]    LPCBurnOneTrig success
2025-05-08 19:57:57,653 [Process-10404] INFO     [Thread0]    DLDPreSync Preamble Send
2025-05-08 19:57:58,176 [Process-10404] INFO     [Thread0]    DLDPreSync Preamble Received Rsp
2025-05-08 19:57:58,183 [Process-10404] INFO     [Thread0]    image size=41944, hdsize=272
2025-05-08 19:57:58,183 [Process-10404] INFO     [Thread0]    
2025-05-08 19:57:58,184 [Process-10404] INFO     [Thread0]    imginfo.size=41944, RemainLen=41944, Offset=0
2025-05-08 19:57:58,184 [Process-10404] INFO     [Thread0]    {HTNB32L-XXX-Driver_Example.bin-percent files transferred   0%}
2025-05-08 19:57:58,184 [Process-10404] INFO     [Thread0]    
2025-05-08 19:57:58,185 [Process-10404] INFO     [Thread0]    Preamble Send
2025-05-08 19:57:58,202 [Process-10404] INFO     [Thread0]    Preamble Received Rsp
2025-05-08 19:57:58,221 [Process-10404] INFO     [Thread0]    imginfo.size=41944, RemainLen=41672, Offset=272
2025-05-08 19:57:58,222 [Process-10404] INFO     [Thread0]    {HTNB32L-XXX-Driver_Example.bin-percent files transferred   0%}
2025-05-08 19:57:58,222 [Process-10404] INFO     [Thread0]    
2025-05-08 19:57:58,222 [Process-10404] INFO     [Thread0]    Preamble Send
2025-05-08 19:57:58,632 [Process-10404] INFO     [Thread0]    Preamble Received Rsp
2025-05-08 19:57:59,264 [Process-10404] INFO     [Thread0]    imginfo.size=41944, RemainLen=0, Offset=272
2025-05-08 19:57:59,264 [Process-10404] INFO     [Thread0]    {HTNB32L-XXX-Driver_Example.bin-percent files transferred   100%}
2025-05-08 19:57:59,265 [Process-10404] INFO     [Thread0]    
2025-05-08 19:57:59,268 [Process-10404] INFO     [Thread0]    TryDownload success
2025-05-08 19:57:59,269 [Process-10404] INFO     [Thread0]    Burn OK!
2025-05-08 19:57:59,270 [Process-10404] INFO     [Thread0]    ProcessEnd[12020]
2025-05-08 19:57:59,270 [Process-10404] INFO     [FlashToolCLI]    Burnbatch OK, imglist ['bootloader', 'system']
